# JRE version: Java(TM) SE Runtime Environment (8.0_144-b01) (build 1.8.0_144-b01)
# Java VM: Java HotSpot(TM) Client VM (25.144-b01 mixed mode windows-x86 )
Heap:
 def new generation   total 39424K, used 13130K [0x04c00000, 0x076c0000, 0x0f6a0000)
  eden space 35072K,  36% used [0x04c00000, 0x05893730, 0x06e40000)
  from space 4352K,   5% used [0x06e40000, 0x06e7f488, 0x07280000)
  to   space 4352K,   0% used [0x07280000, 0x07280000, 0x076c0000)
 tenured generation   total 87424K, used 42669K [0x0f6a0000, 0x14c00000, 0x24c00000)
   the space 87424K,  48% used [0x0f6a0000, 0x1204b590, 0x1204b600, 0x14c00000)
 Metaspace       used 20573K, capacity 21078K, committed 21504K, reserved 21888K
GC Heap History (10 events):
Event: 800228.363 GC heap before
{Heap before GC invocations=259831 (full 5):
 def new generation   total 39424K, used 35074K [0x04c00000, 0x076c0000, 0x0f6a0000)
  eden space 35072K, 100% used [0x04c00000, 0x06e40000, 0x06e40000)
  from space 4352K,   0% used [0x07280000, 0x072809c8, 0x076c0000)
  to   space 4352K,   0% used [0x06e40000, 0x06e40000, 0x07280000)
 tenured generation   total 87424K, used 42669K [0x0f6a0000, 0x14c00000, 0x24c00000)
   the space 87424K,  48% used [0x0f6a0000, 0x1204b590, 0x1204b600, 0x14c00000)
 Metaspace       used 20573K, capacity 21078K, committed 21504K, reserved 21888K
Event: 800228.364 GC heap after
Heap after GC invocations=259832 (full 5):
 def new generation   total 39424K, used 2K [0x04c00000, 0x076c0000, 0x0f6a0000)
  eden space 35072K,   0% used [0x04c00000, 0x04c00000, 0x06e40000)
  from space 4352K,   0% used [0x06e40000, 0x06e409d8, 0x07280000)
  to   space 4352K,   0% used [0x07280000, 0x07280000, 0x076c0000)
 tenured generation   total 87424K, used 42669K [0x0f6a0000, 0x14c00000, 0x24c00000)
   the space 87424K,  48% used [0x0f6a0000, 0x1204b590, 0x1204b600, 0x14c00000)
 Metaspace       used 20573K, capacity 21078K, committed 21504K, reserved 21888K
}
Event: 800231.288 GC heap before
{Heap before GC invocations=259832 (full 5):
 def new generation   total 39424K, used 35074K [0x04c00000, 0x076c0000, 0x0f6a0000)
  eden space 35072K, 100% used [0x04c00000, 0x06e40000, 0x06e40000)
  from space 4352K,   0% used [0x06e40000, 0x06e409d8, 0x07280000)
  to   space 4352K,   0% used [0x07280000, 0x07280000, 0x076c0000)
 tenured generation   total 87424K, used 42669K [0x0f6a0000, 0x14c00000, 0x24c00000)
   the space 87424K,  48% used [0x0f6a0000, 0x1204b590, 0x1204b600, 0x14c00000)
 Metaspace       used 20573K, capacity 21078K, committed 21504K, reserved 21888K
Event: 800231.289 GC heap after
Heap after GC invocations=259833 (full 5):
 def new generation   total 39424K, used 2K [0x04c00000, 0x076c0000, 0x0f6a0000)
  eden space 35072K,   0% used [0x04c00000, 0x04c00000, 0x06e40000)
  from space 4352K,   0% used [0x07280000, 0x072809c8, 0x076c0000)
  to   space 4352K,   0% used [0x06e40000, 0x06e40000, 0x07280000)
 tenured generation   total 87424K, used 42669K [0x0f6a0000, 0x14c00000, 0x24c00000)
   the space 87424K,  48% used [0x0f6a0000, 0x1204b590, 0x1204b600, 0x14c00000)
 Metaspace       used 20573K, capacity 21078K, committed 21504K, reserved 21888K
}
Event: 800526.774 GC heap before
{Heap before GC invocations=259833 (full 5):
 def new generation   total 39424K, used 35074K [0x04c00000, 0x076c0000, 0x0f6a0000)
  eden space 35072K, 100% used [0x04c00000, 0x06e40000, 0x06e40000)
  from space 4352K,   0% used [0x07280000, 0x072809c8, 0x076c0000)
  to   space 4352K,   0% used [0x06e40000, 0x06e40000, 0x07280000)
 tenured generation   total 87424K, used 42669K [0x0f6a0000, 0x14c00000, 0x24c00000)
   the space 87424K,  48% used [0x0f6a0000, 0x1204b590, 0x1204b600, 0x14c00000)
 Metaspace       used 20573K, capacity 21078K, committed 21504K, reserved 21888K
Event: 800526.790 GC heap after
Heap after GC invocations=259834 (full 5):
 def new generation   total 39424K, used 2K [0x04c00000, 0x076c0000, 0x0f6a0000)
  eden space 35072K,   0% used [0x04c00000, 0x04c00000, 0x06e40000)
  from space 4352K,   0% used [0x06e40000, 0x06e409e0, 0x07280000)
  to   space 4352K,   0% used [0x07280000, 0x07280000, 0x076c0000)
 tenured generation   total 87424K, used 42669K [0x0f6a0000, 0x14c00000, 0x24c00000)
   the space 87424K,  48% used [0x0f6a0000, 0x1204b590, 0x1204b600, 0x14c00000)
 Metaspace       used 20573K, capacity 21078K, committed 21504K, reserved 21888K
}
Event: 800537.943 GC heap before
{Heap before GC invocations=259834 (full 5):
 def new generation   total 39424K, used 35074K [0x04c00000, 0x076c0000, 0x0f6a0000)
  eden space 35072K, 100% used [0x04c00000, 0x06e40000, 0x06e40000)
  from space 4352K,   0% used [0x06e40000, 0x06e409e0, 0x07280000)
  to   space 4352K,   0% used [0x07280000, 0x07280000, 0x076c0000)
 tenured generation   total 87424K, used 42669K [0x0f6a0000, 0x14c00000, 0x24c00000)
   the space 87424K,  48% used [0x0f6a0000, 0x1204b590, 0x1204b600, 0x14c00000)
 Metaspace       used 20573K, capacity 21078K, committed 21504K, reserved 21888K
Event: 800537.947 GC heap after
Heap after GC invocations=259835 (full 5):
 def new generation   total 39424K, used 252K [0x04c00000, 0x076c0000, 0x0f6a0000)
  eden space 35072K,   0% used [0x04c00000, 0x04c00000, 0x06e40000)
  from space 4352K,   5% used [0x07280000, 0x072bf2d0, 0x076c0000)
  to   space 4352K,   0% used [0x06e40000, 0x06e40000, 0x07280000)
 tenured generation   total 87424K, used 42669K [0x0f6a0000, 0x14c00000, 0x24c00000)
   the space 87424K,  48% used [0x0f6a0000, 0x1204b590, 0x1204b600, 0x14c00000)
 Metaspace       used 20573K, capacity 21078K, committed 21504K, reserved 21888K
}
Event: 800544.243 GC heap before
{Heap before GC invocations=259835 (full 5):
 def new generation   total 39424K, used 35324K [0x04c00000, 0x076c0000, 0x0f6a0000)
  eden space 35072K, 100% used [0x04c00000, 0x06e40000, 0x06e40000)
  from space 4352K,   5% used [0x07280000, 0x072bf2d0, 0x076c0000)
  to   space 4352K,   0% used [0x06e40000, 0x06e40000, 0x07280000)
 tenured generation   total 87424K, used 42669K [0x0f6a0000, 0x14c00000, 0x24c00000)
   the space 87424K,  48% used [0x0f6a0000, 0x1204b590, 0x1204b600, 0x14c00000)
 Metaspace       used 20573K, capacity 21078K, committed 21504K, reserved 21888K
Event: 800544.245 GC heap after
Heap after GC invocations=259836 (full 5):
 def new generation   total 39424K, used 253K [0x04c00000, 0x076c0000, 0x0f6a0000)
  eden space 35072K,   0% used [0x04c00000, 0x04c00000, 0x06e40000)
  from space 4352K,   5% used [0x06e40000, 0x06e7f488, 0x07280000)
  to   space 4352K,   0% used [0x07280000, 0x07280000, 0x076c0000)
 tenured generation   total 87424K, used 42669K [0x0f6a0000, 0x14c00000, 0x24c00000)
   the space 87424K,  48% used [0x0f6a0000, 0x1204b590, 0x1204b600, 0x14c00000)
 Metaspace       used 20573K, capacity 21078K, committed 21504K, reserved 21888K
}

