# JRE version: Java(TM) SE Runtime Environment (8.0_144-b01) (build 1.8.0_144-b01)
# Java VM: Java HotSpot(TM) Client VM (25.144-b01 mixed mode windows-x86 )
Heap:
 def new generation   total 39424K, used 9866K [0x04c00000, 0x076c0000, 0x0f6a0000)
  eden space 35072K,  27% used [0x04c00000, 0x05544630, 0x06e40000)
  from space 4352K,   8% used [0x06e40000, 0x06e9e3e0, 0x07280000)
  to   space 4352K,   0% used [0x07280000, 0x07280000, 0x076c0000)
 tenured generation   total 87424K, used 56977K [0x0f6a0000, 0x14c00000, 0x24c00000)
   the space 87424K,  65% used [0x0f6a0000, 0x12e444d0, 0x12e44600, 0x14c00000)
 Metaspace       used 20192K, capacity 20753K, committed 20864K, reserved 20864K
GC Heap History (10 events):
Event: 78040.298 GC heap before
{Heap before GC invocations=353 (full 2):
 def new generation   total 39424K, used 35122K [0x04c00000, 0x076c0000, 0x0f6a0000)
  eden space 35072K, 100% used [0x04c00000, 0x06e40000, 0x06e40000)
  from space 4352K,   1% used [0x07280000, 0x0728cad8, 0x076c0000)
  to   space 4352K,   0% used [0x06e40000, 0x06e40000, 0x07280000)
 tenured generation   total 87424K, used 56961K [0x0f6a0000, 0x14c00000, 0x24c00000)
   the space 87424K,  65% used [0x0f6a0000, 0x12e406d0, 0x12e40800, 0x14c00000)
 Metaspace       used 20181K, capacity 20721K, committed 20736K, reserved 20864K
Event: 78040.300 GC heap after
Heap after GC invocations=354 (full 2):
 def new generation   total 39424K, used 43K [0x04c00000, 0x076c0000, 0x0f6a0000)
  eden space 35072K,   0% used [0x04c00000, 0x04c00000, 0x06e40000)
  from space 4352K,   1% used [0x06e40000, 0x06e4af98, 0x07280000)
  to   space 4352K,   0% used [0x07280000, 0x07280000, 0x076c0000)
 tenured generation   total 87424K, used 56961K [0x0f6a0000, 0x14c00000, 0x24c00000)
   the space 87424K,  65% used [0x0f6a0000, 0x12e406d0, 0x12e40800, 0x14c00000)
 Metaspace       used 20181K, capacity 20721K, committed 20736K, reserved 20864K
}
Event: 78265.192 GC heap before
{Heap before GC invocations=354 (full 2):
 def new generation   total 39424K, used 35115K [0x04c00000, 0x076c0000, 0x0f6a0000)
  eden space 35072K, 100% used [0x04c00000, 0x06e40000, 0x06e40000)
  from space 4352K,   1% used [0x06e40000, 0x06e4af98, 0x07280000)
  to   space 4352K,   0% used [0x07280000, 0x07280000, 0x076c0000)
 tenured generation   total 87424K, used 56961K [0x0f6a0000, 0x14c00000, 0x24c00000)
   the space 87424K,  65% used [0x0f6a0000, 0x12e406d0, 0x12e40800, 0x14c00000)
 Metaspace       used 20181K, capacity 20721K, committed 20736K, reserved 20864K
Event: 78265.194 GC heap after
Heap after GC invocations=355 (full 2):
 def new generation   total 39424K, used 67K [0x04c00000, 0x076c0000, 0x0f6a0000)
  eden space 35072K,   0% used [0x04c00000, 0x04c00000, 0x06e40000)
  from space 4352K,   1% used [0x07280000, 0x07290ca0, 0x076c0000)
  to   space 4352K,   0% used [0x06e40000, 0x06e40000, 0x07280000)
 tenured generation   total 87424K, used 56961K [0x0f6a0000, 0x14c00000, 0x24c00000)
   the space 87424K,  65% used [0x0f6a0000, 0x12e406d0, 0x12e40800, 0x14c00000)
 Metaspace       used 20181K, capacity 20721K, committed 20736K, reserved 20864K
}
Event: 78491.038 GC heap before
{Heap before GC invocations=355 (full 2):
 def new generation   total 39424K, used 35139K [0x04c00000, 0x076c0000, 0x0f6a0000)
  eden space 35072K, 100% used [0x04c00000, 0x06e40000, 0x06e40000)
  from space 4352K,   1% used [0x07280000, 0x07290ca0, 0x076c0000)
  to   space 4352K,   0% used [0x06e40000, 0x06e40000, 0x07280000)
 tenured generation   total 87424K, used 56961K [0x0f6a0000, 0x14c00000, 0x24c00000)
   the space 87424K,  65% used [0x0f6a0000, 0x12e406d0, 0x12e40800, 0x14c00000)
 Metaspace       used 20181K, capacity 20721K, committed 20736K, reserved 20864K
Event: 78491.039 GC heap after
Heap after GC invocations=356 (full 2):
 def new generation   total 39424K, used 50K [0x04c00000, 0x076c0000, 0x0f6a0000)
  eden space 35072K,   0% used [0x04c00000, 0x04c00000, 0x06e40000)
  from space 4352K,   1% used [0x06e40000, 0x06e4c860, 0x07280000)
  to   space 4352K,   0% used [0x07280000, 0x07280000, 0x076c0000)
 tenured generation   total 87424K, used 56961K [0x0f6a0000, 0x14c00000, 0x24c00000)
   the space 87424K,  65% used [0x0f6a0000, 0x12e406d0, 0x12e40800, 0x14c00000)
 Metaspace       used 20181K, capacity 20721K, committed 20736K, reserved 20864K
}
Event: 78709.925 GC heap before
{Heap before GC invocations=356 (full 2):
 def new generation   total 39424K, used 35122K [0x04c00000, 0x076c0000, 0x0f6a0000)
  eden space 35072K, 100% used [0x04c00000, 0x06e40000, 0x06e40000)
  from space 4352K,   1% used [0x06e40000, 0x06e4c860, 0x07280000)
  to   space 4352K,   0% used [0x07280000, 0x07280000, 0x076c0000)
 tenured generation   total 87424K, used 56961K [0x0f6a0000, 0x14c00000, 0x24c00000)
   the space 87424K,  65% used [0x0f6a0000, 0x12e406d0, 0x12e40800, 0x14c00000)
 Metaspace       used 20181K, capacity 20721K, committed 20736K, reserved 20864K
Event: 78709.927 GC heap after
Heap after GC invocations=357 (full 2):
 def new generation   total 39424K, used 54K [0x04c00000, 0x076c0000, 0x0f6a0000)
  eden space 35072K,   0% used [0x04c00000, 0x04c00000, 0x06e40000)
  from space 4352K,   1% used [0x07280000, 0x0728d998, 0x076c0000)
  to   space 4352K,   0% used [0x06e40000, 0x06e40000, 0x07280000)
 tenured generation   total 87424K, used 56961K [0x0f6a0000, 0x14c00000, 0x24c00000)
   the space 87424K,  65% used [0x0f6a0000, 0x12e406d0, 0x12e40800, 0x14c00000)
 Metaspace       used 20181K, capacity 20721K, committed 20736K, reserved 20864K
}
Event: 78924.204 GC heap before
{Heap before GC invocations=357 (full 2):
 def new generation   total 39424K, used 33413K [0x04c00000, 0x076c0000, 0x0f6a0000)
  eden space 35072K,  95% used [0x04c00000, 0x06c93b80, 0x06e40000)
  from space 4352K,   1% used [0x07280000, 0x0728d998, 0x076c0000)
  to   space 4352K,   0% used [0x06e40000, 0x06e40000, 0x07280000)
 tenured generation   total 87424K, used 56961K [0x0f6a0000, 0x14c00000, 0x24c00000)
   the space 87424K,  65% used [0x0f6a0000, 0x12e406d0, 0x12e40800, 0x14c00000)
 Metaspace       used 20192K, capacity 20753K, committed 20864K, reserved 20864K
Event: 78924.213 GC heap after
Heap after GC invocations=358 (full 2):
 def new generation   total 39424K, used 376K [0x04c00000, 0x076c0000, 0x0f6a0000)
  eden space 35072K,   0% used [0x04c00000, 0x04c00000, 0x06e40000)
  from space 4352K,   8% used [0x06e40000, 0x06e9e3e0, 0x07280000)
  to   space 4352K,   0% used [0x07280000, 0x07280000, 0x076c0000)
 tenured generation   total 87424K, used 56977K [0x0f6a0000, 0x14c00000, 0x24c00000)
   the space 87424K,  65% used [0x0f6a0000, 0x12e444d0, 0x12e44600, 0x14c00000)
 Metaspace       used 20192K, capacity 20753K, committed 20864K, reserved 20864K
}

